[ 2016-08-08T22:44:55+08:00 ] 127.0.0.1 /MeiZu-SunShine/index.php/Home/Shop/city
INFO: [ app_begin ] --START--
INFO: Run Behavior\ReadHtmlCacheBehavior [ RunTime:0.001000s ]
INFO: [ app_begin ] --END-- [ RunTime:0.002000s ]
SQL: DESCRIBE meizu_area [ RunTime:0.129007s ]
SQL: SELECT * FROM `meizu_area` WHERE `upid` = 0  [ RunTime:0.026002s ]

[ 2016-08-08T22:46:12+08:00 ] 127.0.0.1 /MeiZu-SunShine/index.php/Home/Index/type
INFO: [ app_begin ] --START--
INFO: Run Behavior\ReadHtmlCacheBehavior [ RunTime:0.001000s ]
INFO: [ app_begin ] --END-- [ RunTime:0.001000s ]
SQL: DESCRIBE meizu_goods [ RunTime:0.004000s ]
SQL: SELECT * FROM `meizu_goods` WHERE `pid` = 35 AND `status` = 1  [ RunTime:0.001000s ]
INFO: [ app_end ] --START--
INFO: Run Behavior\ShowPageTraceBehavior [ RunTime:0.000000s ]
INFO: [ app_end ] --END-- [ RunTime:0.000000s ]

[ 2016-08-08T22:46:14+08:00 ] 127.0.0.1 /MeiZu-SunShine/index.php/Home/Index/type
INFO: [ app_begin ] --START--
INFO: Run Behavior\ReadHtmlCacheBehavior [ RunTime:0.001000s ]
INFO: [ app_begin ] --END-- [ RunTime:0.002000s ]
SQL: DESCRIBE meizu_goods [ RunTime:0.005000s ]
SQL: SELECT * FROM `meizu_goods` WHERE `pid` = 29 AND `status` = 1  [ RunTime:0.000000s ]
INFO: [ app_end ] --START--
INFO: Run Behavior\ShowPageTraceBehavior [ RunTime:0.001001s ]
INFO: [ app_end ] --END-- [ RunTime:0.001001s ]

[ 2016-08-08T22:46:32+08:00 ] 127.0.0.1 /MeiZu-SunShine/index.php/Home/Shop/city
INFO: [ app_begin ] --START--
INFO: Run Behavior\ReadHtmlCacheBehavior [ RunTime:0.000000s ]
INFO: [ app_begin ] --END-- [ RunTime:0.001000s ]
SQL: DESCRIBE meizu_area [ RunTime:0.004000s ]
SQL: SELECT * FROM `meizu_area` WHERE `upid` = 0  [ RunTime:0.000000s ]

[ 2016-08-08T22:46:34+08:00 ] 127.0.0.1 /MeiZu-SunShine/index.php/Home/Shop/city
INFO: [ app_begin ] --START--
INFO: Run Behavior\ReadHtmlCacheBehavior [ RunTime:0.001001s ]
INFO: [ app_begin ] --END-- [ RunTime:0.001001s ]
SQL: DESCRIBE meizu_area [ RunTime:0.004000s ]
SQL: SELECT * FROM `meizu_area` WHERE `upid` = 0  [ RunTime:0.000000s ]

[ 2016-08-08T22:46:35+08:00 ] 127.0.0.1 /MeiZu-SunShine/index.php/Home/Index/type
INFO: [ app_begin ] --START--
INFO: Run Behavior\ReadHtmlCacheBehavior [ RunTime:0.000000s ]
INFO: [ app_begin ] --END-- [ RunTime:0.001000s ]
SQL: DESCRIBE meizu_goods [ RunTime:0.005000s ]
SQL: SELECT * FROM `meizu_goods` WHERE `pid` = 1 AND `status` = 1  [ RunTime:0.000000s ]
INFO: [ app_end ] --START--
INFO: Run Behavior\ShowPageTraceBehavior [ RunTime:0.000000s ]
INFO: [ app_end ] --END-- [ RunTime:0.000000s ]

[ 2016-08-08T22:47:08+08:00 ] 127.0.0.1 /MeiZu-SunShine/index.php/Home/Shop/city
INFO: [ app_begin ] --START--
INFO: Run Behavior\ReadHtmlCacheBehavior [ RunTime:0.001000s ]
INFO: [ app_begin ] --END-- [ RunTime:0.002000s ]
SQL: DESCRIBE meizu_area [ RunTime:0.004001s ]
SQL: SELECT * FROM `meizu_area` WHERE `upid` = 0  [ RunTime:0.000000s ]

[ 2016-08-08T22:47:33+08:00 ] 127.0.0.1 /MeiZu-SunShine/index.php/Home/Shop/city
INFO: [ app_begin ] --START--
INFO: Run Behavior\ReadHtmlCacheBehavior [ RunTime:0.001001s ]
INFO: [ app_begin ] --END-- [ RunTime:0.002001s ]
SQL: DESCRIBE meizu_area [ RunTime:0.004000s ]
SQL: SELECT * FROM `meizu_area` WHERE `upid` = 0  [ RunTime:0.000000s ]

[ 2016-08-08T22:47:43+08:00 ] 127.0.0.1 /MeiZu-SunShine/index.php/Home/Index/type
INFO: [ app_begin ] --START--
INFO: Run Behavior\ReadHtmlCacheBehavior [ RunTime:0.000000s ]
INFO: [ app_begin ] --END-- [ RunTime:0.001000s ]
SQL: DESCRIBE meizu_goods [ RunTime:0.004000s ]
SQL: SELECT * FROM `meizu_goods` WHERE `pid` = 1 AND `status` = 1  [ RunTime:0.001000s ]
INFO: [ app_end ] --START--
INFO: Run Behavior\ShowPageTraceBehavior [ RunTime:0.001000s ]
INFO: [ app_end ] --END-- [ RunTime:0.001000s ]

[ 2016-08-08T22:47:43+08:00 ] 127.0.0.1 /MeiZu-SunShine/index.php/Home/Index/type
INFO: [ app_begin ] --START--
INFO: Run Behavior\ReadHtmlCacheBehavior [ RunTime:0.001000s ]
INFO: [ app_begin ] --END-- [ RunTime:0.002000s ]
SQL: DESCRIBE meizu_goods [ RunTime:0.004000s ]
SQL: SELECT * FROM `meizu_goods` WHERE `pid` = 13 AND `status` = 1  [ RunTime:0.000000s ]
INFO: [ app_end ] --START--
INFO: Run Behavior\ShowPageTraceBehavior [ RunTime:0.001000s ]
INFO: [ app_end ] --END-- [ RunTime:0.001000s ]

[ 2016-08-08T22:47:43+08:00 ] 127.0.0.1 /MeiZu-SunShine/index.php/Home/Index/type
INFO: [ app_begin ] --START--
INFO: Run Behavior\ReadHtmlCacheBehavior [ RunTime:0.000000s ]
INFO: [ app_begin ] --END-- [ RunTime:0.000000s ]
SQL: DESCRIBE meizu_goods [ RunTime:0.004000s ]
SQL: SELECT * FROM `meizu_goods` WHERE `pid` = 23 AND `status` = 1  [ RunTime:0.000000s ]
INFO: [ app_end ] --START--
INFO: Run Behavior\ShowPageTraceBehavior [ RunTime:0.002000s ]
INFO: [ app_end ] --END-- [ RunTime:0.002000s ]

[ 2016-08-08T22:47:44+08:00 ] 127.0.0.1 /MeiZu-SunShine/index.php/Home/Index/type
INFO: [ app_begin ] --START--
INFO: Run Behavior\ReadHtmlCacheBehavior [ RunTime:0.001001s ]
INFO: [ app_begin ] --END-- [ RunTime:0.001001s ]
SQL: DESCRIBE meizu_goods [ RunTime:0.004000s ]
SQL: SELECT * FROM `meizu_goods` WHERE `pid` = 29 AND `status` = 1  [ RunTime:0.001000s ]
INFO: [ app_end ] --START--
INFO: Run Behavior\ShowPageTraceBehavior [ RunTime:0.000000s ]
INFO: [ app_end ] --END-- [ RunTime:0.000000s ]

[ 2016-08-08T22:47:44+08:00 ] 127.0.0.1 /MeiZu-SunShine/index.php/Home/Index/type
INFO: [ app_begin ] --START--
INFO: Run Behavior\ReadHtmlCacheBehavior [ RunTime:0.001001s ]
INFO: [ app_begin ] --END-- [ RunTime:0.002001s ]
SQL: DESCRIBE meizu_goods [ RunTime:0.005000s ]
SQL: SELECT * FROM `meizu_goods` WHERE `pid` = 19 AND `status` = 1  [ RunTime:0.000000s ]
INFO: [ app_end ] --START--
INFO: Run Behavior\ShowPageTraceBehavior [ RunTime:0.001000s ]
INFO: [ app_end ] --END-- [ RunTime:0.001000s ]

[ 2016-08-08T22:47:45+08:00 ] 127.0.0.1 /MeiZu-SunShine/index.php/Home/Index/type
INFO: [ app_begin ] --START--
INFO: Run Behavior\ReadHtmlCacheBehavior [ RunTime:0.000000s ]
INFO: [ app_begin ] --END-- [ RunTime:0.001000s ]
SQL: DESCRIBE meizu_goods [ RunTime:0.004000s ]
SQL: SELECT * FROM `meizu_goods` WHERE `pid` = 35 AND `status` = 1  [ RunTime:0.001000s ]
INFO: [ app_end ] --START--
INFO: Run Behavior\ShowPageTraceBehavior [ RunTime:0.000000s ]
INFO: [ app_end ] --END-- [ RunTime:0.000000s ]

[ 2016-08-08T22:47:46+08:00 ] 127.0.0.1 /MeiZu-SunShine/index.php/Home/Index/type
INFO: [ app_begin ] --START--
INFO: Run Behavior\ReadHtmlCacheBehavior [ RunTime:0.001000s ]
INFO: [ app_begin ] --END-- [ RunTime:0.001000s ]
SQL: DESCRIBE meizu_goods [ RunTime:0.005000s ]
SQL: SELECT * FROM `meizu_goods` WHERE `pid` = 35 AND `status` = 1  [ RunTime:0.001000s ]
INFO: [ app_end ] --START--
INFO: Run Behavior\ShowPageTraceBehavior [ RunTime:0.000000s ]
INFO: [ app_end ] --END-- [ RunTime:0.000000s ]

[ 2016-08-08T22:47:48+08:00 ] 127.0.0.1 /MeiZu-SunShine/index.php/Home/Index/type
INFO: [ app_begin ] --START--
INFO: Run Behavior\ReadHtmlCacheBehavior [ RunTime:0.000000s ]
INFO: [ app_begin ] --END-- [ RunTime:0.000000s ]
SQL: DESCRIBE meizu_goods [ RunTime:0.004000s ]
SQL: SELECT * FROM `meizu_goods` WHERE `pid` = 35 AND `status` = 1  [ RunTime:0.001000s ]
INFO: [ app_end ] --START--
INFO: Run Behavior\ShowPageTraceBehavior [ RunTime:0.000000s ]
INFO: [ app_end ] --END-- [ RunTime:0.000000s ]

[ 2016-08-08T22:49:59+08:00 ] 127.0.0.1 /MeiZu-SunShine/index.php/Home/Index/type
INFO: [ app_begin ] --START--
INFO: Run Behavior\ReadHtmlCacheBehavior [ RunTime:0.000000s ]
INFO: [ app_begin ] --END-- [ RunTime:0.001001s ]
SQL: DESCRIBE meizu_goods [ RunTime:0.004000s ]
SQL: SELECT * FROM `meizu_goods` WHERE `pid` = 35 AND `status` = 1  [ RunTime:0.001000s ]
INFO: [ app_end ] --START--
INFO: Run Behavior\ShowPageTraceBehavior [ RunTime:0.000000s ]
INFO: [ app_end ] --END-- [ RunTime:0.000000s ]

[ 2016-08-08T22:50:00+08:00 ] 127.0.0.1 /MeiZu-SunShine/index.php/Home/Index/type
INFO: [ app_begin ] --START--
INFO: Run Behavior\ReadHtmlCacheBehavior [ RunTime:0.001000s ]
INFO: [ app_begin ] --END-- [ RunTime:0.002000s ]
SQL: DESCRIBE meizu_goods [ RunTime:0.005000s ]
SQL: SELECT * FROM `meizu_goods` WHERE `pid` = 29 AND `status` = 1  [ RunTime:0.000000s ]
INFO: [ app_end ] --START--
INFO: Run Behavior\ShowPageTraceBehavior [ RunTime:0.001000s ]
INFO: [ app_end ] --END-- [ RunTime:0.001000s ]

[ 2016-08-08T22:59:09+08:00 ] 127.0.0.1 /MeiZu-SunShine/index.php/Home/Shop/city
INFO: [ app_begin ] --START--
INFO: Run Behavior\ReadHtmlCacheBehavior [ RunTime:0.000000s ]
INFO: [ app_begin ] --END-- [ RunTime:0.000000s ]
SQL: DESCRIBE meizu_area [ RunTime:0.006000s ]
SQL: SELECT * FROM `meizu_area` WHERE `upid` = 0  [ RunTime:0.000000s ]

[ 2016-08-08T22:59:24+08:00 ] 127.0.0.1 /MeiZu-SunShine/index.php/Home/Shop/city
INFO: [ app_begin ] --START--
INFO: Run Behavior\ReadHtmlCacheBehavior [ RunTime:0.000000s ]
INFO: [ app_begin ] --END-- [ RunTime:0.002000s ]
SQL: DESCRIBE meizu_area [ RunTime:0.004000s ]
SQL: SELECT * FROM `meizu_area` WHERE `upid` = 0  [ RunTime:0.000000s ]

[ 2016-08-08T22:59:27+08:00 ] 127.0.0.1 /MeiZu-SunShine/index.php/Home/Shop/city
INFO: [ app_begin ] --START--
INFO: Run Behavior\ReadHtmlCacheBehavior [ RunTime:0.001000s ]
INFO: [ app_begin ] --END-- [ RunTime:0.001000s ]
SQL: DESCRIBE meizu_area [ RunTime:0.004000s ]
SQL: SELECT * FROM `meizu_area` WHERE `upid` = 0  [ RunTime:0.001000s ]

[ 2016-08-08T22:59:36+08:00 ] 127.0.0.1 /MeiZu-SunShine/index.php/Home/Draw/demo.html
INFO: [ app_begin ] --START--
INFO: Run Behavior\ReadHtmlCacheBehavior [ RunTime:0.001000s ]
INFO: [ app_begin ] --END-- [ RunTime:0.001000s ]
INFO: [ app_end ] --START--
INFO: Run Behavior\ShowPageTraceBehavior [ RunTime:0.001000s ]
INFO: [ app_end ] --END-- [ RunTime:0.001000s ]

[ 2016-08-08T22:59:36+08:00 ] 127.0.0.1 /MeiZu-SunShine/index.php/Home/Draw/demo2.html?id=
INFO: [ app_begin ] --START--
INFO: Run Behavior\ReadHtmlCacheBehavior [ RunTime:0.000000s ]
INFO: [ app_begin ] --END-- [ RunTime:0.001000s ]
SQL: DESCRIBE meizu_award [ RunTime:0.004000s ]
SQL: SELECT * FROM `meizu_award` WHERE `time` BETWEEN '1470585600' AND '1470671999' AND `uid` = 0 LIMIT 1   [ RunTime:0.000000s ]
INFO: [ app_end ] --START--
INFO: Run Behavior\ShowPageTraceBehavior [ RunTime:0.001000s ]
INFO: [ app_end ] --END-- [ RunTime:0.001000s ]

[ 2016-08-08T22:59:36+08:00 ] 127.0.0.1 /MeiZu-SunShine/index.php/Home/Draw/demo3.html?id=
INFO: [ app_begin ] --START--
INFO: Run Behavior\ReadHtmlCacheBehavior [ RunTime:0.000000s ]
INFO: [ app_begin ] --END-- [ RunTime:0.001000s ]
SQL: DESCRIBE meizu_user [ RunTime:0.019001s ]
SQL: SELECT * FROM `meizu_user` WHERE ( id= ) LIMIT 1   [ RunTime:0.000000s ]
ERR: 1064:You have an error in your SQL syntax; check the manual that corresponds to your MySQL server version for the right syntax to use near ') LIMIT 1' at line 1
 [ SQL语句 ] : SELECT * FROM `meizu_user` WHERE ( id= ) LIMIT 1  
SQL: UPDATE `meizu_user` SET `score`=-50 WHERE ( id= ) [ RunTime:0.000000s ]
ERR: 1064:You have an error in your SQL syntax; check the manual that corresponds to your MySQL server version for the right syntax to use near ')' at line 1
 [ SQL语句 ] : UPDATE `meizu_user` SET `score`=-50 WHERE ( id= )
INFO: [ app_end ] --START--
INFO: Run Behavior\ShowPageTraceBehavior [ RunTime:0.001000s ]
INFO: [ app_end ] --END-- [ RunTime:0.001000s ]

[ 2016-08-08T22:59:36+08:00 ] 127.0.0.1 /MeiZu-SunShine/index.php/Home/Client/award.html?number=1&id=
INFO: [ app_begin ] --START--
INFO: Run Behavior\ReadHtmlCacheBehavior [ RunTime:0.000000s ]
INFO: [ app_begin ] --END-- [ RunTime:0.001000s ]
SQL: DESCRIBE meizu_award [ RunTime:0.005001s ]
SQL: DESCRIBE meizu_user [ RunTime:0.004000s ]
SQL: SELECT `userName` FROM `meizu_user` WHERE `id` = 0 LIMIT 1   [ RunTime:0.000000s ]
SQL: INSERT INTO `meizu_award` (`award`,`uid`,`time`,`userName`) VALUES ('膳魔师保湿杯',0,1470668376,null) [ RunTime:0.000000s ]
ERR: 1048:Column 'userName' cannot be null
 [ SQL语句 ] : INSERT INTO `meizu_award` (`award`,`uid`,`time`,`userName`) VALUES ('膳魔师保湿杯',0,1470668376,null)
INFO: [ app_end ] --START--
INFO: Run Behavior\ShowPageTraceBehavior [ RunTime:0.001000s ]
INFO: [ app_end ] --END-- [ RunTime:0.001000s ]

[ 2016-08-08T23:10:39+08:00 ] 127.0.0.1 /MeiZu-SunShine/index.php/Home/Login/login.html
ERR: 非法操作:login.html

[ 2016-08-08T23:11:03+08:00 ] 127.0.0.1 /MeiZu-SunShine/index.php/Home/Login/check?userName=root
INFO: [ app_begin ] --START--
INFO: Run Behavior\ReadHtmlCacheBehavior [ RunTime:0.001000s ]
INFO: [ app_begin ] --END-- [ RunTime:0.001000s ]
SQL: DESCRIBE meizu_user [ RunTime:0.004000s ]
SQL: SELECT * FROM `meizu_user` WHERE `userName` = 'root'  [ RunTime:0.074004s ]

[ 2016-08-08T23:11:06+08:00 ] 127.0.0.1 /MeiZu-SunShine/index.php/Home/Login/check?userName=root
INFO: [ app_begin ] --START--
INFO: Run Behavior\ReadHtmlCacheBehavior [ RunTime:0.001000s ]
INFO: [ app_begin ] --END-- [ RunTime:0.001000s ]
SQL: DESCRIBE meizu_user [ RunTime:0.005001s ]
SQL: SELECT * FROM `meizu_user` WHERE `userName` = 'root'  [ RunTime:0.000000s ]

[ 2016-08-08T23:11:08+08:00 ] 127.0.0.1 /MeiZu-SunShine/index.php/Home/Login/check?userName=root
INFO: [ app_begin ] --START--
INFO: Run Behavior\ReadHtmlCacheBehavior [ RunTime:0.001000s ]
INFO: [ app_begin ] --END-- [ RunTime:0.001000s ]
SQL: DESCRIBE meizu_user [ RunTime:0.004001s ]
SQL: SELECT * FROM `meizu_user` WHERE `userName` = 'root'  [ RunTime:0.000000s ]

